2017-10-08 23:34:41.514  INFO 3852 --- [main] com.ty.OnlineSchoolApplication           : Starting OnlineSchoolApplication on DESKTOP-LC8KRUA with PID 3852 (E:\privateworkspace\online-school\target\classes started by thinkpad in E:\privateworkspace\online-school)
2017-10-08 23:34:41.517  INFO 3852 --- [main] com.ty.OnlineSchoolApplication           : No active profile set, falling back to default profiles: default
2017-10-08 23:34:41.593  INFO 3852 --- [main] ationConfigEmbeddedWebApplicationContext : Refreshing org.springframework.boot.context.embedded.AnnotationConfigEmbeddedWebApplicationContext@6166e06f: startup date [Sun Oct 08 23:34:41 CST 2017]; root of context hierarchy
2017-10-08 23:34:42.693  WARN 3852 --- [main] o.m.s.mapper.ClassPathMapperScanner      : No MyBatis mapper was found in '[com.ty]' package. Please check your configuration.
2017-10-08 23:34:44.623  INFO 3852 --- [main] s.b.c.e.t.TomcatEmbeddedServletContainer : Tomcat initialized with port(s): 8080 (http)
2017-10-08 23:34:44.647  INFO 3852 --- [main] o.apache.catalina.core.StandardService   : Starting service [Tomcat]
2017-10-08 23:34:44.650  INFO 3852 --- [main] org.apache.catalina.core.StandardEngine  : Starting Servlet Engine: Apache Tomcat/8.5.20
2017-10-08 23:34:44.902  INFO 3852 --- [localhost-startStop-1] o.a.c.c.C.[Tomcat].[localhost].[/tao]    : Initializing Spring embedded WebApplicationContext
2017-10-08 23:34:44.902  INFO 3852 --- [localhost-startStop-1] o.s.web.context.ContextLoader            : Root WebApplicationContext: initialization completed in 3314 ms
2017-10-08 23:34:45.497  INFO 3852 --- [localhost-startStop-1] o.s.b.w.servlet.ServletRegistrationBean  : Mapping servlet: 'dispatcherServlet' to [/]
2017-10-08 23:34:45.505  INFO 3852 --- [localhost-startStop-1] o.s.b.w.servlet.FilterRegistrationBean   : Mapping filter: 'characterEncodingFilter' to: [/*]
2017-10-08 23:34:45.506  INFO 3852 --- [localhost-startStop-1] o.s.b.w.servlet.FilterRegistrationBean   : Mapping filter: 'hiddenHttpMethodFilter' to: [/*]
2017-10-08 23:34:45.507  INFO 3852 --- [localhost-startStop-1] o.s.b.w.servlet.FilterRegistrationBean   : Mapping filter: 'httpPutFormContentFilter' to: [/*]
2017-10-08 23:34:45.509  INFO 3852 --- [localhost-startStop-1] o.s.b.w.servlet.FilterRegistrationBean   : Mapping filter: 'requestContextFilter' to: [/*]
2017-10-08 23:34:46.228  INFO 3852 --- [main] s.w.s.m.m.a.RequestMappingHandlerAdapter : Looking for @ControllerAdvice: org.springframework.boot.context.embedded.AnnotationConfigEmbeddedWebApplicationContext@6166e06f: startup date [Sun Oct 08 23:34:41 CST 2017]; root of context hierarchy
2017-10-08 23:34:46.333  INFO 3852 --- [main] s.w.s.m.m.a.RequestMappingHandlerMapping : Mapped "{[/]}" onto public java.lang.String com.ty.OnlineSchoolApplication.index()
2017-10-08 23:34:46.340  INFO 3852 --- [main] s.w.s.m.m.a.RequestMappingHandlerMapping : Mapped "{[/error]}" onto public org.springframework.http.ResponseEntity<java.util.Map<java.lang.String, java.lang.Object>> org.springframework.boot.autoconfigure.web.BasicErrorController.error(javax.servlet.http.HttpServletRequest)
2017-10-08 23:34:46.340  INFO 3852 --- [main] s.w.s.m.m.a.RequestMappingHandlerMapping : Mapped "{[/error],produces=[text/html]}" onto public org.springframework.web.servlet.ModelAndView org.springframework.boot.autoconfigure.web.BasicErrorController.errorHtml(javax.servlet.http.HttpServletRequest,javax.servlet.http.HttpServletResponse)
2017-10-08 23:34:46.388  INFO 3852 --- [main] o.s.w.s.handler.SimpleUrlHandlerMapping  : Mapped URL path [/webjars/**] onto handler of type [class org.springframework.web.servlet.resource.ResourceHttpRequestHandler]
2017-10-08 23:34:46.389  INFO 3852 --- [main] o.s.w.s.handler.SimpleUrlHandlerMapping  : Mapped URL path [/**] onto handler of type [class org.springframework.web.servlet.resource.ResourceHttpRequestHandler]
2017-10-08 23:34:46.451  INFO 3852 --- [main] o.s.w.s.handler.SimpleUrlHandlerMapping  : Mapped URL path [/**/favicon.ico] onto handler of type [class org.springframework.web.servlet.resource.ResourceHttpRequestHandler]
2017-10-08 23:34:46.536  WARN 3852 --- [main] ationConfigEmbeddedWebApplicationContext : Exception encountered during context initialization - cancelling refresh attempt: org.springframework.beans.factory.BeanCreationException: Error creating bean with name 'dataSource' defined in class path resource [org/springframework/boot/autoconfigure/jdbc/DataSourceConfiguration$Tomcat.class]: Bean instantiation via factory method failed; nested exception is org.springframework.beans.BeanInstantiationException: Failed to instantiate [org.apache.tomcat.jdbc.pool.DataSource]: Factory method 'dataSource' threw exception; nested exception is org.springframework.boot.autoconfigure.jdbc.DataSourceProperties$DataSourceBeanCreationException: Cannot determine embedded database driver class for database type NONE. If you want an embedded database please put a supported one on the classpath. If you have database settings to be loaded from a particular profile you may need to active it (no profiles are currently active).
2017-10-08 23:34:46.542  INFO 3852 --- [main] o.apache.catalina.core.StandardService   : Stopping service [Tomcat]
2017-10-08 23:34:46.576  INFO 3852 --- [main] utoConfigurationReportLoggingInitializer : 

Error starting ApplicationContext. To display the auto-configuration report re-run your application with 'debug' enabled.
2017-10-08 23:34:46.585 ERROR 3852 --- [main] o.s.b.d.LoggingFailureAnalysisReporter   : 

***************************
APPLICATION FAILED TO START
***************************

Description:

Cannot determine embedded database driver class for database type NONE

Action:

If you want an embedded database please put a supported one on the classpath. If you have database settings to be loaded from a particular profile you may need to active it (no profiles are currently active).

2017-10-08 23:35:10.945  INFO 13808 --- [main] com.ty.OnlineSchoolApplication           : Starting OnlineSchoolApplication on DESKTOP-LC8KRUA with PID 13808 (E:\privateworkspace\online-school\target\classes started by thinkpad in E:\privateworkspace\online-school)
2017-10-08 23:35:10.948  INFO 13808 --- [main] com.ty.OnlineSchoolApplication           : No active profile set, falling back to default profiles: default
2017-10-08 23:35:11.023  INFO 13808 --- [main] ationConfigEmbeddedWebApplicationContext : Refreshing org.springframework.boot.context.embedded.AnnotationConfigEmbeddedWebApplicationContext@282003e1: startup date [Sun Oct 08 23:35:11 CST 2017]; root of context hierarchy
2017-10-08 23:35:13.893  INFO 13808 --- [main] s.b.c.e.t.TomcatEmbeddedServletContainer : Tomcat initialized with port(s): 8080 (http)
2017-10-08 23:35:13.917  INFO 13808 --- [main] o.apache.catalina.core.StandardService   : Starting service [Tomcat]
2017-10-08 23:35:13.918  INFO 13808 --- [main] org.apache.catalina.core.StandardEngine  : Starting Servlet Engine: Apache Tomcat/8.5.20
2017-10-08 23:35:14.219  INFO 13808 --- [localhost-startStop-1] o.a.c.c.C.[Tomcat].[localhost].[/tao]    : Initializing Spring embedded WebApplicationContext
2017-10-08 23:35:14.219  INFO 13808 --- [localhost-startStop-1] o.s.web.context.ContextLoader            : Root WebApplicationContext: initialization completed in 3200 ms
2017-10-08 23:35:14.687  INFO 13808 --- [localhost-startStop-1] o.s.b.w.servlet.ServletRegistrationBean  : Mapping servlet: 'dispatcherServlet' to [/]
2017-10-08 23:35:14.694  INFO 13808 --- [localhost-startStop-1] o.s.b.w.servlet.FilterRegistrationBean   : Mapping filter: 'characterEncodingFilter' to: [/*]
2017-10-08 23:35:14.696  INFO 13808 --- [localhost-startStop-1] o.s.b.w.servlet.FilterRegistrationBean   : Mapping filter: 'hiddenHttpMethodFilter' to: [/*]
2017-10-08 23:35:14.697  INFO 13808 --- [localhost-startStop-1] o.s.b.w.servlet.FilterRegistrationBean   : Mapping filter: 'httpPutFormContentFilter' to: [/*]
2017-10-08 23:35:14.697  INFO 13808 --- [localhost-startStop-1] o.s.b.w.servlet.FilterRegistrationBean   : Mapping filter: 'requestContextFilter' to: [/*]
2017-10-08 23:35:15.348  INFO 13808 --- [main] s.w.s.m.m.a.RequestMappingHandlerAdapter : Looking for @ControllerAdvice: org.springframework.boot.context.embedded.AnnotationConfigEmbeddedWebApplicationContext@282003e1: startup date [Sun Oct 08 23:35:11 CST 2017]; root of context hierarchy
2017-10-08 23:35:15.430  INFO 13808 --- [main] s.w.s.m.m.a.RequestMappingHandlerMapping : Mapped "{[/]}" onto public java.lang.String com.ty.OnlineSchoolApplication.index()
2017-10-08 23:35:15.436  INFO 13808 --- [main] s.w.s.m.m.a.RequestMappingHandlerMapping : Mapped "{[/error]}" onto public org.springframework.http.ResponseEntity<java.util.Map<java.lang.String, java.lang.Object>> org.springframework.boot.autoconfigure.web.BasicErrorController.error(javax.servlet.http.HttpServletRequest)
2017-10-08 23:35:15.437  INFO 13808 --- [main] s.w.s.m.m.a.RequestMappingHandlerMapping : Mapped "{[/error],produces=[text/html]}" onto public org.springframework.web.servlet.ModelAndView org.springframework.boot.autoconfigure.web.BasicErrorController.errorHtml(javax.servlet.http.HttpServletRequest,javax.servlet.http.HttpServletResponse)
2017-10-08 23:35:15.469  INFO 13808 --- [main] o.s.w.s.handler.SimpleUrlHandlerMapping  : Mapped URL path [/webjars/**] onto handler of type [class org.springframework.web.servlet.resource.ResourceHttpRequestHandler]
2017-10-08 23:35:15.469  INFO 13808 --- [main] o.s.w.s.handler.SimpleUrlHandlerMapping  : Mapped URL path [/**] onto handler of type [class org.springframework.web.servlet.resource.ResourceHttpRequestHandler]
2017-10-08 23:35:15.505  INFO 13808 --- [main] o.s.w.s.handler.SimpleUrlHandlerMapping  : Mapped URL path [/**/favicon.ico] onto handler of type [class org.springframework.web.servlet.resource.ResourceHttpRequestHandler]
2017-10-08 23:35:15.696  INFO 13808 --- [main] o.s.j.e.a.AnnotationMBeanExporter        : Registering beans for JMX exposure on startup
2017-10-08 23:35:15.779  INFO 13808 --- [main] s.b.c.e.t.TomcatEmbeddedServletContainer : Tomcat started on port(s): 8080 (http)
2017-10-08 23:35:15.786  INFO 13808 --- [main] com.ty.OnlineSchoolApplication           : Started OnlineSchoolApplication in 5.273 seconds (JVM running for 5.744)
2017-10-08 23:36:20.753  INFO 13808 --- [http-nio-8080-exec-8] o.a.c.c.C.[Tomcat].[localhost].[/tao]    : Initializing Spring FrameworkServlet 'dispatcherServlet'
2017-10-08 23:36:20.753  INFO 13808 --- [http-nio-8080-exec-8] o.s.web.servlet.DispatcherServlet        : FrameworkServlet 'dispatcherServlet': initialization started
2017-10-08 23:36:20.777  INFO 13808 --- [http-nio-8080-exec-8] o.s.web.servlet.DispatcherServlet        : FrameworkServlet 'dispatcherServlet': initialization completed in 24 ms
2017-10-08 23:36:43.111  INFO 12916 --- [main] com.ty.OnlineSchoolApplication           : Starting OnlineSchoolApplication on DESKTOP-LC8KRUA with PID 12916 (E:\privateworkspace\online-school\target\classes started by thinkpad in E:\privateworkspace\online-school)
2017-10-08 23:36:43.114  INFO 12916 --- [main] com.ty.OnlineSchoolApplication           : No active profile set, falling back to default profiles: default
2017-10-08 23:36:43.191  INFO 12916 --- [main] ationConfigEmbeddedWebApplicationContext : Refreshing org.springframework.boot.context.embedded.AnnotationConfigEmbeddedWebApplicationContext@282003e1: startup date [Sun Oct 08 23:36:43 CST 2017]; root of context hierarchy
2017-10-08 23:36:46.105  INFO 12916 --- [main] s.b.c.e.t.TomcatEmbeddedServletContainer : Tomcat initialized with port(s): 8080 (http)
2017-10-08 23:36:46.131  INFO 12916 --- [main] o.apache.catalina.core.StandardService   : Starting service [Tomcat]
2017-10-08 23:36:46.133  INFO 12916 --- [main] org.apache.catalina.core.StandardEngine  : Starting Servlet Engine: Apache Tomcat/8.5.20
2017-10-08 23:36:46.485  INFO 12916 --- [localhost-startStop-1] o.a.c.c.C.[Tomcat].[localhost].[/]       : Initializing Spring embedded WebApplicationContext
2017-10-08 23:36:46.485  INFO 12916 --- [localhost-startStop-1] o.s.web.context.ContextLoader            : Root WebApplicationContext: initialization completed in 3298 ms
2017-10-08 23:36:46.925  INFO 12916 --- [localhost-startStop-1] o.s.b.w.servlet.ServletRegistrationBean  : Mapping servlet: 'dispatcherServlet' to [/]
2017-10-08 23:36:46.932  INFO 12916 --- [localhost-startStop-1] o.s.b.w.servlet.FilterRegistrationBean   : Mapping filter: 'characterEncodingFilter' to: [/*]
2017-10-08 23:36:46.933  INFO 12916 --- [localhost-startStop-1] o.s.b.w.servlet.FilterRegistrationBean   : Mapping filter: 'hiddenHttpMethodFilter' to: [/*]
2017-10-08 23:36:46.935  INFO 12916 --- [localhost-startStop-1] o.s.b.w.servlet.FilterRegistrationBean   : Mapping filter: 'httpPutFormContentFilter' to: [/*]
2017-10-08 23:36:46.935  INFO 12916 --- [localhost-startStop-1] o.s.b.w.servlet.FilterRegistrationBean   : Mapping filter: 'requestContextFilter' to: [/*]
2017-10-08 23:36:47.515  INFO 12916 --- [main] s.w.s.m.m.a.RequestMappingHandlerAdapter : Looking for @ControllerAdvice: org.springframework.boot.context.embedded.AnnotationConfigEmbeddedWebApplicationContext@282003e1: startup date [Sun Oct 08 23:36:43 CST 2017]; root of context hierarchy
2017-10-08 23:36:47.613  INFO 12916 --- [main] s.w.s.m.m.a.RequestMappingHandlerMapping : Mapped "{[/]}" onto public java.lang.String com.ty.OnlineSchoolApplication.index()
2017-10-08 23:36:47.617  INFO 12916 --- [main] s.w.s.m.m.a.RequestMappingHandlerMapping : Mapped "{[/error]}" onto public org.springframework.http.ResponseEntity<java.util.Map<java.lang.String, java.lang.Object>> org.springframework.boot.autoconfigure.web.BasicErrorController.error(javax.servlet.http.HttpServletRequest)
2017-10-08 23:36:47.618  INFO 12916 --- [main] s.w.s.m.m.a.RequestMappingHandlerMapping : Mapped "{[/error],produces=[text/html]}" onto public org.springframework.web.servlet.ModelAndView org.springframework.boot.autoconfigure.web.BasicErrorController.errorHtml(javax.servlet.http.HttpServletRequest,javax.servlet.http.HttpServletResponse)
2017-10-08 23:36:47.654  INFO 12916 --- [main] o.s.w.s.handler.SimpleUrlHandlerMapping  : Mapped URL path [/webjars/**] onto handler of type [class org.springframework.web.servlet.resource.ResourceHttpRequestHandler]
2017-10-08 23:36:47.655  INFO 12916 --- [main] o.s.w.s.handler.SimpleUrlHandlerMapping  : Mapped URL path [/**] onto handler of type [class org.springframework.web.servlet.resource.ResourceHttpRequestHandler]
2017-10-08 23:36:47.704  INFO 12916 --- [main] o.s.w.s.handler.SimpleUrlHandlerMapping  : Mapped URL path [/**/favicon.ico] onto handler of type [class org.springframework.web.servlet.resource.ResourceHttpRequestHandler]
2017-10-08 23:36:47.920  INFO 12916 --- [main] o.s.j.e.a.AnnotationMBeanExporter        : Registering beans for JMX exposure on startup
2017-10-08 23:36:47.998  INFO 12916 --- [main] s.b.c.e.t.TomcatEmbeddedServletContainer : Tomcat started on port(s): 8080 (http)
2017-10-08 23:36:48.004  INFO 12916 --- [main] com.ty.OnlineSchoolApplication           : Started OnlineSchoolApplication in 5.313 seconds (JVM running for 5.814)
2017-10-08 23:36:59.093  INFO 12916 --- [http-nio-8080-exec-1] o.a.c.c.C.[Tomcat].[localhost].[/]       : Initializing Spring FrameworkServlet 'dispatcherServlet'
2017-10-08 23:36:59.093  INFO 12916 --- [http-nio-8080-exec-1] o.s.web.servlet.DispatcherServlet        : FrameworkServlet 'dispatcherServlet': initialization started
2017-10-08 23:36:59.113  INFO 12916 --- [http-nio-8080-exec-1] o.s.web.servlet.DispatcherServlet        : FrameworkServlet 'dispatcherServlet': initialization completed in 20 ms
2017-10-08 23:38:47.146  INFO 7844 --- [main] com.ty.OnlineSchoolApplication           : Starting OnlineSchoolApplication on DESKTOP-LC8KRUA with PID 7844 (E:\privateworkspace\online-school\target\classes started by thinkpad in E:\privateworkspace\online-school)
2017-10-08 23:38:47.148  INFO 7844 --- [main] com.ty.OnlineSchoolApplication           : No active profile set, falling back to default profiles: default
2017-10-08 23:38:47.219  INFO 7844 --- [main] ationConfigEmbeddedWebApplicationContext : Refreshing org.springframework.boot.context.embedded.AnnotationConfigEmbeddedWebApplicationContext@282003e1: startup date [Sun Oct 08 23:38:47 CST 2017]; root of context hierarchy
2017-10-08 23:38:49.895  INFO 7844 --- [main] s.b.c.e.t.TomcatEmbeddedServletContainer : Tomcat initialized with port(s): 8080 (http)
2017-10-08 23:38:49.919  INFO 7844 --- [main] o.apache.catalina.core.StandardService   : Starting service [Tomcat]
2017-10-08 23:38:49.925  INFO 7844 --- [main] org.apache.catalina.core.StandardEngine  : Starting Servlet Engine: Apache Tomcat/8.5.20
2017-10-08 23:38:50.268  INFO 7844 --- [localhost-startStop-1] o.a.c.c.C.[Tomcat].[localhost].[/]       : Initializing Spring embedded WebApplicationContext
2017-10-08 23:38:50.268  INFO 7844 --- [localhost-startStop-1] o.s.web.context.ContextLoader            : Root WebApplicationContext: initialization completed in 3052 ms
2017-10-08 23:38:50.649  INFO 7844 --- [localhost-startStop-1] o.s.b.w.servlet.ServletRegistrationBean  : Mapping servlet: 'dispatcherServlet' to [/]
2017-10-08 23:38:50.659  INFO 7844 --- [localhost-startStop-1] o.s.b.w.servlet.FilterRegistrationBean   : Mapping filter: 'characterEncodingFilter' to: [/*]
2017-10-08 23:38:50.660  INFO 7844 --- [localhost-startStop-1] o.s.b.w.servlet.FilterRegistrationBean   : Mapping filter: 'hiddenHttpMethodFilter' to: [/*]
2017-10-08 23:38:50.660  INFO 7844 --- [localhost-startStop-1] o.s.b.w.servlet.FilterRegistrationBean   : Mapping filter: 'httpPutFormContentFilter' to: [/*]
2017-10-08 23:38:50.661  INFO 7844 --- [localhost-startStop-1] o.s.b.w.servlet.FilterRegistrationBean   : Mapping filter: 'requestContextFilter' to: [/*]
2017-10-08 23:38:51.306  INFO 7844 --- [main] s.w.s.m.m.a.RequestMappingHandlerAdapter : Looking for @ControllerAdvice: org.springframework.boot.context.embedded.AnnotationConfigEmbeddedWebApplicationContext@282003e1: startup date [Sun Oct 08 23:38:47 CST 2017]; root of context hierarchy
2017-10-08 23:38:51.433  INFO 7844 --- [main] s.w.s.m.m.a.RequestMappingHandlerMapping : Mapped "{[/error]}" onto public org.springframework.http.ResponseEntity<java.util.Map<java.lang.String, java.lang.Object>> org.springframework.boot.autoconfigure.web.BasicErrorController.error(javax.servlet.http.HttpServletRequest)
2017-10-08 23:38:51.434  INFO 7844 --- [main] s.w.s.m.m.a.RequestMappingHandlerMapping : Mapped "{[/error],produces=[text/html]}" onto public org.springframework.web.servlet.ModelAndView org.springframework.boot.autoconfigure.web.BasicErrorController.errorHtml(javax.servlet.http.HttpServletRequest,javax.servlet.http.HttpServletResponse)
2017-10-08 23:38:51.477  INFO 7844 --- [main] o.s.w.s.handler.SimpleUrlHandlerMapping  : Mapped URL path [/webjars/**] onto handler of type [class org.springframework.web.servlet.resource.ResourceHttpRequestHandler]
2017-10-08 23:38:51.479  INFO 7844 --- [main] o.s.w.s.handler.SimpleUrlHandlerMapping  : Mapped URL path [/**] onto handler of type [class org.springframework.web.servlet.resource.ResourceHttpRequestHandler]
2017-10-08 23:38:51.560  INFO 7844 --- [main] o.s.w.s.handler.SimpleUrlHandlerMapping  : Mapped URL path [/**/favicon.ico] onto handler of type [class org.springframework.web.servlet.resource.ResourceHttpRequestHandler]
2017-10-08 23:38:51.800  INFO 7844 --- [main] o.s.j.e.a.AnnotationMBeanExporter        : Registering beans for JMX exposure on startup
2017-10-08 23:38:51.922  INFO 7844 --- [main] s.b.c.e.t.TomcatEmbeddedServletContainer : Tomcat started on port(s): 8080 (http)
2017-10-08 23:38:51.934  INFO 7844 --- [main] com.ty.OnlineSchoolApplication           : Started OnlineSchoolApplication in 5.137 seconds (JVM running for 5.597)
2017-10-08 23:38:58.856  INFO 7844 --- [http-nio-8080-exec-10] o.a.c.c.C.[Tomcat].[localhost].[/]       : Initializing Spring FrameworkServlet 'dispatcherServlet'
2017-10-08 23:38:58.857  INFO 7844 --- [http-nio-8080-exec-10] o.s.web.servlet.DispatcherServlet        : FrameworkServlet 'dispatcherServlet': initialization started
2017-10-08 23:38:58.881  INFO 7844 --- [http-nio-8080-exec-10] o.s.web.servlet.DispatcherServlet        : FrameworkServlet 'dispatcherServlet': initialization completed in 24 ms
2017-10-08 23:41:34.975  INFO 7680 --- [main] com.ty.OnlineSchoolApplication           : Starting OnlineSchoolApplication on DESKTOP-LC8KRUA with PID 7680 (E:\privateworkspace\online-school\target\classes started by thinkpad in E:\privateworkspace\online-school)
2017-10-08 23:41:34.978  INFO 7680 --- [main] com.ty.OnlineSchoolApplication           : No active profile set, falling back to default profiles: default
2017-10-08 23:41:35.047  INFO 7680 --- [main] ationConfigEmbeddedWebApplicationContext : Refreshing org.springframework.boot.context.embedded.AnnotationConfigEmbeddedWebApplicationContext@282003e1: startup date [Sun Oct 08 23:41:35 CST 2017]; root of context hierarchy
2017-10-08 23:41:37.741  INFO 7680 --- [main] s.b.c.e.t.TomcatEmbeddedServletContainer : Tomcat initialized with port(s): 8080 (http)
2017-10-08 23:41:37.778  INFO 7680 --- [main] o.apache.catalina.core.StandardService   : Starting service [Tomcat]
2017-10-08 23:41:37.781  INFO 7680 --- [main] org.apache.catalina.core.StandardEngine  : Starting Servlet Engine: Apache Tomcat/8.5.20
2017-10-08 23:41:38.006  INFO 7680 --- [localhost-startStop-1] o.a.c.c.C.[Tomcat].[localhost].[/]       : Initializing Spring embedded WebApplicationContext
2017-10-08 23:41:38.007  INFO 7680 --- [localhost-startStop-1] o.s.web.context.ContextLoader            : Root WebApplicationContext: initialization completed in 2963 ms
2017-10-08 23:41:38.468  INFO 7680 --- [localhost-startStop-1] o.s.b.w.servlet.ServletRegistrationBean  : Mapping servlet: 'dispatcherServlet' to [/]
2017-10-08 23:41:38.479  INFO 7680 --- [localhost-startStop-1] o.s.b.w.servlet.FilterRegistrationBean   : Mapping filter: 'characterEncodingFilter' to: [/*]
2017-10-08 23:41:38.480  INFO 7680 --- [localhost-startStop-1] o.s.b.w.servlet.FilterRegistrationBean   : Mapping filter: 'hiddenHttpMethodFilter' to: [/*]
2017-10-08 23:41:38.480  INFO 7680 --- [localhost-startStop-1] o.s.b.w.servlet.FilterRegistrationBean   : Mapping filter: 'httpPutFormContentFilter' to: [/*]
2017-10-08 23:41:38.482  INFO 7680 --- [localhost-startStop-1] o.s.b.w.servlet.FilterRegistrationBean   : Mapping filter: 'requestContextFilter' to: [/*]
2017-10-08 23:41:39.195  INFO 7680 --- [main] s.w.s.m.m.a.RequestMappingHandlerAdapter : Looking for @ControllerAdvice: org.springframework.boot.context.embedded.AnnotationConfigEmbeddedWebApplicationContext@282003e1: startup date [Sun Oct 08 23:41:35 CST 2017]; root of context hierarchy
2017-10-08 23:41:39.327  INFO 7680 --- [main] s.w.s.m.m.a.RequestMappingHandlerMapping : Mapped "{[/]}" onto public java.lang.String com.ty.OnlineSchoolApplication.index()
2017-10-08 23:41:39.333  INFO 7680 --- [main] s.w.s.m.m.a.RequestMappingHandlerMapping : Mapped "{[/error]}" onto public org.springframework.http.ResponseEntity<java.util.Map<java.lang.String, java.lang.Object>> org.springframework.boot.autoconfigure.web.BasicErrorController.error(javax.servlet.http.HttpServletRequest)
2017-10-08 23:41:39.335  INFO 7680 --- [main] s.w.s.m.m.a.RequestMappingHandlerMapping : Mapped "{[/error],produces=[text/html]}" onto public org.springframework.web.servlet.ModelAndView org.springframework.boot.autoconfigure.web.BasicErrorController.errorHtml(javax.servlet.http.HttpServletRequest,javax.servlet.http.HttpServletResponse)
2017-10-08 23:41:39.376  INFO 7680 --- [main] o.s.w.s.handler.SimpleUrlHandlerMapping  : Mapped URL path [/webjars/**] onto handler of type [class org.springframework.web.servlet.resource.ResourceHttpRequestHandler]
2017-10-08 23:41:39.377  INFO 7680 --- [main] o.s.w.s.handler.SimpleUrlHandlerMapping  : Mapped URL path [/**] onto handler of type [class org.springframework.web.servlet.resource.ResourceHttpRequestHandler]
2017-10-08 23:41:39.444  INFO 7680 --- [main] o.s.w.s.handler.SimpleUrlHandlerMapping  : Mapped URL path [/**/favicon.ico] onto handler of type [class org.springframework.web.servlet.resource.ResourceHttpRequestHandler]
2017-10-08 23:41:39.624  INFO 7680 --- [main] o.s.j.e.a.AnnotationMBeanExporter        : Registering beans for JMX exposure on startup
2017-10-08 23:41:39.721  INFO 7680 --- [main] s.b.c.e.t.TomcatEmbeddedServletContainer : Tomcat started on port(s): 8080 (http)
2017-10-08 23:41:39.727  INFO 7680 --- [main] com.ty.OnlineSchoolApplication           : Started OnlineSchoolApplication in 5.112 seconds (JVM running for 5.548)
2017-10-08 23:41:44.768  INFO 7680 --- [http-nio-8080-exec-1] o.a.c.c.C.[Tomcat].[localhost].[/]       : Initializing Spring FrameworkServlet 'dispatcherServlet'
2017-10-08 23:41:44.769  INFO 7680 --- [http-nio-8080-exec-1] o.s.web.servlet.DispatcherServlet        : FrameworkServlet 'dispatcherServlet': initialization started
2017-10-08 23:41:44.791  INFO 7680 --- [http-nio-8080-exec-1] o.s.web.servlet.DispatcherServlet        : FrameworkServlet 'dispatcherServlet': initialization completed in 22 ms
2017-10-09 09:30:25.627  INFO 6504 --- [main] com.ty.OnlineSchoolApplication           : Starting OnlineSchoolApplication on DESKTOP-LC8KRUA with PID 6504 (E:\privateworkspace\online-school\target\classes started by thinkpad in E:\privateworkspace\online-school)
2017-10-09 09:30:25.643  INFO 6504 --- [main] com.ty.OnlineSchoolApplication           : No active profile set, falling back to default profiles: default
2017-10-09 09:30:25.856  INFO 6504 --- [main] ationConfigEmbeddedWebApplicationContext : Refreshing org.springframework.boot.context.embedded.AnnotationConfigEmbeddedWebApplicationContext@282003e1: startup date [Mon Oct 09 09:30:25 CST 2017]; root of context hierarchy
2017-10-09 09:30:29.018  INFO 6504 --- [main] s.b.c.e.t.TomcatEmbeddedServletContainer : Tomcat initialized with port(s): 8080 (http)
2017-10-09 09:30:29.040  INFO 6504 --- [main] o.apache.catalina.core.StandardService   : Starting service [Tomcat]
2017-10-09 09:30:29.042  INFO 6504 --- [main] org.apache.catalina.core.StandardEngine  : Starting Servlet Engine: Apache Tomcat/8.5.20
2017-10-09 09:30:29.219  INFO 6504 --- [localhost-startStop-1] o.a.c.c.C.[Tomcat].[localhost].[/]       : Initializing Spring embedded WebApplicationContext
2017-10-09 09:30:29.219  INFO 6504 --- [localhost-startStop-1] o.s.web.context.ContextLoader            : Root WebApplicationContext: initialization completed in 3410 ms
2017-10-09 09:30:29.442  INFO 6504 --- [localhost-startStop-1] o.s.b.w.servlet.ServletRegistrationBean  : Mapping servlet: 'dispatcherServlet' to [/]
2017-10-09 09:30:29.450  INFO 6504 --- [localhost-startStop-1] o.s.b.w.servlet.FilterRegistrationBean   : Mapping filter: 'characterEncodingFilter' to: [/*]
2017-10-09 09:30:29.451  INFO 6504 --- [localhost-startStop-1] o.s.b.w.servlet.FilterRegistrationBean   : Mapping filter: 'hiddenHttpMethodFilter' to: [/*]
2017-10-09 09:30:29.451  INFO 6504 --- [localhost-startStop-1] o.s.b.w.servlet.FilterRegistrationBean   : Mapping filter: 'httpPutFormContentFilter' to: [/*]
2017-10-09 09:30:29.452  INFO 6504 --- [localhost-startStop-1] o.s.b.w.servlet.FilterRegistrationBean   : Mapping filter: 'requestContextFilter' to: [/*]
2017-10-09 09:30:29.885  INFO 6504 --- [main] s.w.s.m.m.a.RequestMappingHandlerAdapter : Looking for @ControllerAdvice: org.springframework.boot.context.embedded.AnnotationConfigEmbeddedWebApplicationContext@282003e1: startup date [Mon Oct 09 09:30:25 CST 2017]; root of context hierarchy
2017-10-09 09:30:30.120  INFO 6504 --- [main] s.w.s.m.m.a.RequestMappingHandlerMapping : Mapped "{[/]}" onto public java.lang.String com.ty.OnlineSchoolApplication.index()
2017-10-09 09:30:30.132  INFO 6504 --- [main] s.w.s.m.m.a.RequestMappingHandlerMapping : Mapped "{[/error]}" onto public org.springframework.http.ResponseEntity<java.util.Map<java.lang.String, java.lang.Object>> org.springframework.boot.autoconfigure.web.BasicErrorController.error(javax.servlet.http.HttpServletRequest)
2017-10-09 09:30:30.133  INFO 6504 --- [main] s.w.s.m.m.a.RequestMappingHandlerMapping : Mapped "{[/error],produces=[text/html]}" onto public org.springframework.web.servlet.ModelAndView org.springframework.boot.autoconfigure.web.BasicErrorController.errorHtml(javax.servlet.http.HttpServletRequest,javax.servlet.http.HttpServletResponse)
2017-10-09 09:30:30.181  INFO 6504 --- [main] o.s.w.s.handler.SimpleUrlHandlerMapping  : Mapped URL path [/webjars/**] onto handler of type [class org.springframework.web.servlet.resource.ResourceHttpRequestHandler]
2017-10-09 09:30:30.181  INFO 6504 --- [main] o.s.w.s.handler.SimpleUrlHandlerMapping  : Mapped URL path [/**] onto handler of type [class org.springframework.web.servlet.resource.ResourceHttpRequestHandler]
2017-10-09 09:30:30.231  INFO 6504 --- [main] o.s.w.s.handler.SimpleUrlHandlerMapping  : Mapped URL path [/**/favicon.ico] onto handler of type [class org.springframework.web.servlet.resource.ResourceHttpRequestHandler]
2017-10-09 09:30:30.497  INFO 6504 --- [main] o.s.j.e.a.AnnotationMBeanExporter        : Registering beans for JMX exposure on startup
2017-10-09 09:30:30.569  INFO 6504 --- [main] s.b.c.e.t.TomcatEmbeddedServletContainer : Tomcat started on port(s): 8080 (http)
2017-10-09 09:30:30.575  INFO 6504 --- [main] com.ty.OnlineSchoolApplication           : Started OnlineSchoolApplication in 5.606 seconds (JVM running for 6.682)
2017-10-09 09:30:40.813  INFO 6504 --- [http-nio-8080-exec-1] o.a.c.c.C.[Tomcat].[localhost].[/]       : Initializing Spring FrameworkServlet 'dispatcherServlet'
2017-10-09 09:30:40.814  INFO 6504 --- [http-nio-8080-exec-1] o.s.web.servlet.DispatcherServlet        : FrameworkServlet 'dispatcherServlet': initialization started
2017-10-09 09:30:40.831  INFO 6504 --- [http-nio-8080-exec-1] o.s.web.servlet.DispatcherServlet        : FrameworkServlet 'dispatcherServlet': initialization completed in 17 ms
